22:05:16 **** Incremental Build of configuration Debug for project Day11_02_CLCD ****
make all 
Building file: ../HAL/CLCD_Program.c
Invoking: AVR Compiler
avr-gcc -Wall -g2 -gstabs -O0 -fpack-struct -fshort-enums -ffunction-sections -fdata-sections -std=gnu99 -funsigned-char -funsigned-bitfields -mmcu=atmega32 -DF_CPU=8000000UL -MMD -MP -MF"HAL/CLCD_Program.d" -MT"HAL/CLCD_Program.o" -c -o "HAL/CLCD_Program.o" "../HAL/CLCD_Program.c"
In file included from ../HAL/CLCD_Program.c:5:
c:/imt_sdk_win_64/imt_sdk_win_64/winavr/lib/gcc/../../avr/include/util/delay.h:90:3: warning: #warning "Compiler optimizations disabled; functions from <util/delay.h> won't work as designed"
Finished building: ../HAL/CLCD_Program.c
 
Building file: ../main.c
Invoking: AVR Compiler
avr-gcc -Wall -g2 -gstabs -O0 -fpack-struct -fshort-enums -ffunction-sections -fdata-sections -std=gnu99 -funsigned-char -funsigned-bitfields -mmcu=atmega32 -DF_CPU=8000000UL -MMD -MP -MF"main.d" -MT"main.o" -c -o "main.o" "../main.c"
In file included from ../main.c:8:
c:/imt_sdk_win_64/imt_sdk_win_64/winavr/lib/gcc/../../avr/include/util/delay.h:90:3: warning: #warning "Compiler optimizations disabled; functions from <util/delay.h> won't work as designed"
../main.c:31: warning: return type of 'main' is not 'int'
Finished building: ../main.c
 
Building target: Day11_02_CLCD.elf
Invoking: AVR C Linker
avr-gcc -Wl,-Map,Day11_02_CLCD.map -mmcu=atmega32 -o "Day11_02_CLCD.elf"  ./MCAL/DIO_Program.o  ./HAL/CLCD_Program.o  ./main.o   
Finished building target: Day11_02_CLCD.elf
 
Invoking: AVR Create Extended Listing
avr-objdump -h -S Day11_02_CLCD.elf  >"Day11_02_CLCD.lss"
Finished building: Day11_02_CLCD.lss
 
Create Flash image (ihex format)
avr-objcopy -R .eeprom -R .fuse -R .lock -R .signature -O ihex Day11_02_CLCD.elf  "Day11_02_CLCD.hex"
Finished building: Day11_02_CLCD.hex
 
Invoking: Print Size
avr-size --format=avr --mcu=atmega32 Day11_02_CLCD.elf
AVR Memory Usage
----------------
Device: atmega32

Program:    6406 bytes (19.5% Full)
(.text + .data + .bootloader)

Data:         20 bytes (1.0% Full)
(.data + .bss + .noinit)


Finished building: sizedummy
 

22:05:18 Build Finished (took 2s.185ms)

