01:54:47 **** Incremental Build of configuration Debug for project Day19_09_USART ****
make all 
Building file: ../main.c
Invoking: AVR Compiler
avr-gcc -Wall -g2 -gstabs -O0 -fpack-struct -fshort-enums -ffunction-sections -fdata-sections -std=gnu99 -funsigned-char -funsigned-bitfields -mmcu=atmega32 -DF_CPU=8000000UL -MMD -MP -MF"main.d" -MT"main.o" -c -o "main.o" "../main.c"
In file included from ../main.c:11:
c:/imt_sdk_win_64/imt_sdk_win_64/winavr/lib/gcc/../../avr/include/util/delay.h:90:3: warning: #warning "Compiler optimizations disabled; functions from <util/delay.h> won't work as designed"
../main.c:187: warning: return type of 'main' is not 'int'
Finished building: ../main.c
 
Building target: Day19_09_USART.elf
Invoking: AVR C Linker
avr-gcc -Wl,-Map,Day19_09_USART.map -mmcu=atmega32 -o "Day19_09_USART.elf"  ./MCAL/UART/UART_Program.o  ./MCAL/GIE/GIE_Program.o  ./MCAL/DIO/DIO_Program.o  ./MCAL/ADC/ADC_Program.o  ./main.o   
Finished building target: Day19_09_USART.elf
 
Invoking: AVR Create Extended Listing
avr-objdump -h -S Day19_09_USART.elf  >"Day19_09_USART.lss"
Finished building: Day19_09_USART.lss
 
Create Flash image (ihex format)
avr-objcopy -R .eeprom -R .fuse -R .lock -R .signature -O ihex Day19_09_USART.elf  "Day19_09_USART.hex"
Finished building: Day19_09_USART.hex
 
Invoking: Print Size
avr-size --format=avr --mcu=atmega32 Day19_09_USART.elf
AVR Memory Usage
----------------
Device: atmega32

Program:    3850 bytes (11.7% Full)
(.text + .data + .bootloader)

Data:         16 bytes (0.8% Full)
(.data + .bss + .noinit)


Finished building: sizedummy
 

01:54:48 Build Finished (took 568ms)

