05:56:25 **** Incremental Build of configuration Debug for project Day13_04_DCMotor ****
make all 
Building file: ../main.c
Invoking: AVR Compiler
avr-gcc -Wall -g2 -gstabs -O0 -fpack-struct -fshort-enums -ffunction-sections -fdata-sections -std=gnu99 -funsigned-char -funsigned-bitfields -mmcu=atmega32 -DF_CPU=8000000UL -MMD -MP -MF"main.d" -MT"main.o" -c -o "main.o" "../main.c"
In file included from ../main.c:9:
c:/imt_sdk_win_64/imt_sdk_win_64/winavr/lib/gcc/../../avr/include/util/delay.h:90:3: warning: #warning "Compiler optimizations disabled; functions from <util/delay.h> won't work as designed"
../main.c:44: warning: return type of 'main' is not 'int'
../main.c: In function 'main':
../main.c:73: warning: pointer targets in passing argument 1 of 'CLCD_VidSendString' differ in signedness
../main.c:85: warning: pointer targets in passing argument 1 of 'CLCD_VidSendString' differ in signedness
../main.c:98: warning: pointer targets in passing argument 1 of 'CLCD_VidSendString' differ in signedness
Finished building: ../main.c
 
Building target: Day13_04_DCMotor.elf
Invoking: AVR C Linker
avr-gcc -Wl,-Map,Day13_04_DCMotor.map -mmcu=atmega32 -o "Day13_04_DCMotor.elf"  ./MCAL/DIO_Program.o  ./HAL/LCD/CLCD_Program.o  ./main.o   
Finished building target: Day13_04_DCMotor.elf
 
Invoking: AVR Create Extended Listing
avr-objdump -h -S Day13_04_DCMotor.elf  >"Day13_04_DCMotor.lss"
Finished building: Day13_04_DCMotor.lss
 
Create Flash image (ihex format)
avr-objcopy -R .eeprom -R .fuse -R .lock -R .signature -O ihex Day13_04_DCMotor.elf  "Day13_04_DCMotor.hex"
Finished building: Day13_04_DCMotor.hex
 
Invoking: Print Size
avr-size --format=avr --mcu=atmega32 Day13_04_DCMotor.elf
AVR Memory Usage
----------------
Device: atmega32

Program:    7920 bytes (24.2% Full)
(.text + .data + .bootloader)

Data:         36 bytes (1.8% Full)
(.data + .bss + .noinit)


Finished building: sizedummy
 

05:56:26 Build Finished (took 609ms)

