06:33:34 **** Incremental Build of configuration Debug for project Day9_5.Traffic_Control ****
make all 
Building file: ../main.c
Invoking: AVR Compiler
avr-gcc -Wall -g2 -gstabs -O0 -fpack-struct -fshort-enums -ffunction-sections -fdata-sections -std=gnu99 -funsigned-char -funsigned-bitfields -mmcu=atmega32 -DF_CPU=8000000UL -MMD -MP -MF"main.d" -MT"main.o" -c -o "main.o" "../main.c"
../main.c:11:1: warning: "F_CPU" redefined
<command-line>: warning: this is the location of the previous definition
In file included from ../main.c:12:
c:/imt_sdk_win_64/imt_sdk_win_64/winavr/lib/gcc/../../avr/include/util\delay.h:90:3: warning: #warning "Compiler optimizations disabled; functions from <util/delay.h> won't work as designed"
../main.c:29: warning: return type of 'main' is not 'int'
Finished building: ../main.c
 
Building target: Day9_5.Traffic_Control.elf
Invoking: AVR C Linker
avr-gcc -Wl,-Map,Day9_5.Traffic_Control.map -mmcu=atmega32 -o "Day9_5.Traffic_Control.elf"  ./main.o   
Finished building target: Day9_5.Traffic_Control.elf
 
Invoking: AVR Create Extended Listing
avr-objdump -h -S Day9_5.Traffic_Control.elf  >"Day9_5.Traffic_Control.lss"
Finished building: Day9_5.Traffic_Control.lss
 
Create Flash image (ihex format)
avr-objcopy -R .eeprom -R .fuse -R .lock -R .signature -O ihex Day9_5.Traffic_Control.elf  "Day9_5.Traffic_Control.hex"
Finished building: Day9_5.Traffic_Control.hex
 
Invoking: Print Size
avr-size --format=avr --mcu=atmega32 Day9_5.Traffic_Control.elf
AVR Memory Usage
----------------
Device: atmega32

Program:    3626 bytes (11.1% Full)
(.text + .data + .bootloader)

Data:         22 bytes (1.1% Full)
(.data + .bss + .noinit)


Finished building: sizedummy
 

06:33:35 Build Finished (took 684ms)

