02:05:50 **** Incremental Build of configuration Debug for project Day9_1.LED_Blink ****
make all 
Building file: ../main.c
Invoking: AVR Compiler
avr-gcc -Wall -g2 -gstabs -O0 -fpack-struct -fshort-enums -ffunction-sections -fdata-sections -std=gnu99 -funsigned-char -funsigned-bitfields -mmcu=atmega16 -DF_CPU=1000000UL -MMD -MP -MF"main.d" -MT"main.o" -c -o "main.o" "../main.c"
../main.c:8:1: warning: "F_CPU" redefined
<command-line>: warning: this is the location of the previous definition
In file included from ../main.c:9:
c:/imt_sdk_win_64/imt_sdk_win_64/winavr/lib/gcc/../../avr/include/util\delay.h:90:3: warning: #warning "Compiler optimizations disabled; functions from <util/delay.h> won't work as designed"
../main.c:12: warning: return type of 'main' is not 'int'
Finished building: ../main.c
 
Building target: Day9_1.LED_Blink.elf
Invoking: AVR C Linker
avr-gcc -Wl,-Map,Day9_1.LED_Blink.map -mmcu=atmega16 -o "Day9_1.LED_Blink.elf"  ./main.o   
Finished building target: Day9_1.LED_Blink.elf
 
Invoking: AVR Create Extended Listing
avr-objdump -h -S Day9_1.LED_Blink.elf  >"Day9_1.LED_Blink.lss"
Finished building: Day9_1.LED_Blink.lss
 
Create Flash image (ihex format)
avr-objcopy -R .eeprom -R .fuse -R .lock -R .signature -O ihex Day9_1.LED_Blink.elf  "Day9_1.LED_Blink.hex"
Finished building: Day9_1.LED_Blink.hex
 
Invoking: Print Size
avr-size --format=avr --mcu=atmega16 Day9_1.LED_Blink.elf
AVR Memory Usage
----------------
Device: atmega16

Program:    3500 bytes (21.4% Full)
(.text + .data + .bootloader)

Data:          8 bytes (0.8% Full)
(.data + .bss + .noinit)


Finished building: sizedummy
 

02:05:50 Build Finished (took 772ms)

